Packages\com.wallstop-studios.unity-helpers\Tests\Editor\Core\Attributes\RelationalComponentAssignerTests.cs(20,24): error CS0246: The type or namespace name 'RelationalConsumer' could not be found (are you missing a using directive or an assembly reference?)

Packages\com.wallstop-studios.unity-helpers\Tests\Editor\Core\Attributes\RelationalComponentAssignerTests.cs(44,58): error CS0246: The type or namespace name 'RelationalConsumer' could not be found (are you missing a using directive or an assembly reference?)

Packages\com.wallstop-studios.unity-helpers\Tests\Editor\Core\Attributes\RelationalComponentAssignerTests.cs(48,58): error CS0246: The type or namespace name 'NonRelational' could not be found (are you missing a using directive or an assembly reference?)

Packages\com.wallstop-studios.unity-helpers\Tests\Editor\Attributes\AnimationEventHelpersTests.cs(25,28): error CS0122: 'AnimationEventSource' is inaccessible due to its protection level

Packages\com.wallstop-studios.unity-helpers\Tests\Editor\Attributes\AnimationEventHelpersTests.cs(32,52): error CS0122: 'AnimationEventSource' is inaccessible due to its protection level

Packages\com.wallstop-studios.unity-helpers\Tests\Editor\Attributes\AnimationEventHelpersTests.cs(33,46): error CS0122: 'AnimationEventSource' is inaccessible due to its protection level

Packages\com.wallstop-studios.unity-helpers\Tests\Editor\Attributes\AnimationEventHelpersTests.cs(38,55): error CS0246: The type or namespace name 'AnimationEventPlainBehaviour' could not be found (are you missing a using directive or an assembly reference?)

Packages\com.wallstop-studios.unity-helpers\Tests\Editor\Core\Attributes\RelationalComponentAssignerTests.cs(59,24): error CS0246: The type or namespace name 'RelationalConsumer' could not be found (are you missing a using directive or an assembly reference?)

Packages\com.wallstop-studios.unity-helpers\Tests\Editor\Core\Attributes\RelationalComponentAssignerTests.cs(84,13): error CS0246: The type or namespace name 'RelationalConsumer' could not be found (are you missing a using directive or an assembly reference?)

Packages\com.wallstop-studios.unity-helpers\Tests\Editor\Core\Attributes\RelationalComponentAssignerTests.cs(84,60): error CS0246: The type or namespace name 'RelationalConsumer' could not be found (are you missing a using directive or an assembly reference?)

Packages\com.wallstop-studios.unity-helpers\Tests\Editor\Core\Attributes\RelationalComponentAssignerTests.cs(87,13): error CS0246: The type or namespace name 'NonRelational' could not be found (are you missing a using directive or an assembly reference?)

Packages\com.wallstop-studios.unity-helpers\Tests\Editor\Core\Attributes\RelationalComponentAssignerTests.cs(87,50): error CS0246: The type or namespace name 'NonRelational' could not be found (are you missing a using directive or an assembly reference?)

Packages\com.wallstop-studios.unity-helpers\Tests\Editor\Attributes\AnimationEventHelpersTests.cs(47,64): error CS0246: The type or namespace name 'AnimationEventDerivedIgnore' could not be found (are you missing a using directive or an assembly reference?)

Packages\com.wallstop-studios.unity-helpers\Tests\Editor\Attributes\AnimationEventHelpersTests.cs(56,28): error CS0246: The type or namespace name 'AnimationEventDerivedAllowed' could not be found (are you missing a using directive or an assembly reference?)

Packages\com.wallstop-studios.unity-helpers\Tests\Editor\Attributes\AnimationEventHelpersTests.cs(63,52): error CS0246: The type or namespace name 'AnimationEventDerivedAllowed' could not be found (are you missing a using directive or an assembly reference?)

Packages\com.wallstop-studios.unity-helpers\Tests\Editor\Attributes\AnimationEventHelpersTests.cs(64,46): error CS0103: The name 'AnimationEventDerivedAllowed' does not exist in the current context

Packages\com.wallstop-studios.unity-helpers\Tests\Editor\Attributes\AnimationEventHelpersTests.cs(70,52): error CS0122: 'AnimationEventSource' is inaccessible due to its protection level

Packages\com.wallstop-studios.unity-helpers\Tests\Editor\Attributes\AnimationEventHelpersTests.cs(71,46): error CS0122: 'AnimationEventSource' is inaccessible due to its protection level

Packages\com.wallstop-studios.unity-helpers\Tests\Editor\Attributes\AnimationEventHelpersTests.cs(81,58): error CS0246: The type or namespace name 'AnimationEventSignatureHost' could not be found (are you missing a using directive or an assembly reference?)

Packages\com.wallstop-studios.unity-helpers\Tests\Editor\Attributes\AnimationEventHelpersTests.cs(82,65): error CS0246: The type or namespace name 'AnimationEventSignatureHost' could not be found (are you missing a using directive or an assembly reference?)

Packages\com.wallstop-studios.unity-helpers\Tests\Editor\Attributes\AnimationEventHelpersTests.cs(87,24): error CS0103: The name 'AnimationEventSignatureHost' does not exist in the current context

Packages\com.wallstop-studios.unity-helpers\Tests\Editor\Attributes\AnimationEventHelpersTests.cs(88,24): error CS0103: The name 'AnimationEventSignatureHost' does not exist in the current context

Packages\com.wallstop-studios.unity-helpers\Tests\Editor\Attributes\AnimationEventHelpersTests.cs(89,24): error CS0103: The name 'AnimationEventSignatureHost' does not exist in the current context

Packages\com.wallstop-studios.unity-helpers\Tests\Editor\Attributes\AnimationEventHelpersTests.cs(90,24): error CS0103: The name 'AnimationEventSignatureHost' does not exist in the current context

Packages\com.wallstop-studios.unity-helpers\Tests\Editor\Attributes\AnimationEventHelpersTests.cs(91,24): error CS0103: The name 'AnimationEventSignatureHost' does not exist in the current context

Packages\com.wallstop-studios.unity-helpers\Tests\Editor\Attributes\AnimationEventHelpersTests.cs(92,24): error CS0103: The name 'AnimationEventSignatureHost' does not exist in the current context

Packages\com.wallstop-studios.unity-helpers\Tests\Editor\Attributes\AnimationEventHelpersTests.cs(102,24): error CS0246: The type or namespace name 'AnimationEventSignatureHost' could not be found (are you missing a using directive or an assembly reference?)

Packages\com.wallstop-studios.unity-helpers\Tests\Editor\CustomDrawers\WGuidPropertyDrawerTests.cs(30,13): error CS0246: The type or namespace name 'GuidContainer' could not be found (are you missing a using directive or an assembly reference?)

Packages\com.wallstop-studios.unity-helpers\Tests\Editor\CustomDrawers\WGuidPropertyDrawerTests.cs(30,62): error CS0246: The type or namespace name 'GuidContainer' could not be found (are you missing a using directive or an assembly reference?)

Packages\com.wallstop-studios.unity-helpers\Tests\Editor\CustomDrawers\WGuidPropertyDrawerTests.cs(34,80): error CS0103: The name 'GuidContainer' does not exist in the current context

Packages\com.wallstop-studios.unity-helpers\Tests\Editor\CustomDrawers\WGuidPropertyDrawerTests.cs(61,13): error CS0246: The type or namespace name 'GuidContainer' could not be found (are you missing a using directive or an assembly reference?)

Packages\com.wallstop-studios.unity-helpers\Tests\Editor\CustomDrawers\WGuidPropertyDrawerTests.cs(61,62): error CS0246: The type or namespace name 'GuidContainer' could not be found (are you missing a using directive or an assembly reference?)

Packages\com.wallstop-studios.unity-helpers\Tests\Editor\CustomDrawers\WGuidPropertyDrawerTests.cs(65,80): error CS0103: The name 'GuidContainer' does not exist in the current context

Packages\com.wallstop-studios.unity-helpers\Tests\Editor\CustomDrawers\WGuidPropertyDrawerTests.cs(89,13): error CS0246: The type or namespace name 'GuidContainer' could not be found (are you missing a using directive or an assembly reference?)

Packages\com.wallstop-studios.unity-helpers\Tests\Editor\CustomDrawers\WGuidPropertyDrawerTests.cs(89,62): error CS0246: The type or namespace name 'GuidContainer' could not be found (are you missing a using directive or an assembly reference?)

Packages\com.wallstop-studios.unity-helpers\Tests\Editor\CustomDrawers\WGuidPropertyDrawerTests.cs(93,80): error CS0103: The name 'GuidContainer' does not exist in the current context

Packages\com.wallstop-studios.unity-helpers\Tests\Editor\CustomDrawers\WGuidPropertyDrawerTests.cs(121,13): error CS0246: The type or namespace name 'GuidContainer' could not be found (are you missing a using directive or an assembly reference?)

Packages\com.wallstop-studios.unity-helpers\Tests\Editor\CustomDrawers\WGuidPropertyDrawerTests.cs(121,62): error CS0246: The type or namespace name 'GuidContainer' could not be found (are you missing a using directive or an assembly reference?)

Packages\com.wallstop-studios.unity-helpers\Tests\Editor\CustomDrawers\WGuidPropertyDrawerTests.cs(125,80): error CS0103: The name 'GuidContainer' does not exist in the current context

Packages\com.wallstop-studios.unity-helpers\Tests\Editor\CustomDrawers\WGuidPropertyDrawerTests.cs(150,13): error CS0246: The type or namespace name 'GuidContainer' could not be found (are you missing a using directive or an assembly reference?)

Packages\com.wallstop-studios.unity-helpers\Tests\Editor\CustomDrawers\WGuidPropertyDrawerTests.cs(150,62): error CS0246: The type or namespace name 'GuidContainer' could not be found (are you missing a using directive or an assembly reference?)

Packages\com.wallstop-studios.unity-helpers\Tests\Editor\CustomDrawers\WGuidPropertyDrawerTests.cs(154,80): error CS0103: The name 'GuidContainer' does not exist in the current context

Packages\com.wallstop-studios.unity-helpers\Tests\Editor\CustomDrawers\WGuidPropertyDrawerTests.cs(172,13): error CS0246: The type or namespace name 'GuidContainer' could not be found (are you missing a using directive or an assembly reference?)

Packages\com.wallstop-studios.unity-helpers\Tests\Editor\CustomDrawers\WGuidPropertyDrawerTests.cs(172,62): error CS0246: The type or namespace name 'GuidContainer' could not be found (are you missing a using directive or an assembly reference?)

Packages\com.wallstop-studios.unity-helpers\Tests\Editor\CustomDrawers\WGuidPropertyDrawerTests.cs(176,80): error CS0103: The name 'GuidContainer' does not exist in the current context

Packages\com.wallstop-studios.unity-helpers\Tests\Editor\Tags\AttributeMetadataCacheTests.cs(38,24): error CS0246: The type or namespace name 'AlphaRelationalComponent' could not be found (are you missing a using directive or an assembly reference?)

Packages\com.wallstop-studios.unity-helpers\Tests\Editor\Tags\AttributeMetadataCacheTests.cs(40,24): error CS0246: The type or namespace name 'BravoRelationalComponent' could not be found (are you missing a using directive or an assembly reference?)

Packages\com.wallstop-studios.unity-helpers\Tests\Editor\WButton\WButtonMetadataCacheTests.cs(26,24): error CS0246: The type or namespace name 'SampleTarget' could not be found (are you missing a using directive or an assembly reference?)

Packages\com.wallstop-studios.unity-helpers\Tests\Editor\WButton\WButtonMetadataCacheTests.cs(42,24): error CS0246: The type or namespace name 'SampleTarget' could not be found (are you missing a using directive or an assembly reference?)

Packages\com.wallstop-studios.unity-helpers\Tests\Editor\WButton\WButtonMetadataCacheTests.cs(45,41): error CS0103: The name 'SampleTarget' does not exist in the current context

Packages\com.wallstop-studios.unity-helpers\Tests\Editor\WButton\WButtonDisabledStateTests.cs(23,13): error CS0246: The type or namespace name 'DisabledStateTestTarget' could not be found (are you missing a using directive or an assembly reference?)

Packages\com.wallstop-studios.unity-helpers\Tests\Editor\WButton\WButtonDisabledStateTests.cs(23,69): error CS0246: The type or namespace name 'DisabledStateTestTarget' could not be found (are you missing a using directive or an assembly reference?)

Packages\com.wallstop-studios.unity-helpers\Tests\Editor\WButton\WButtonDisabledStateTests.cs(26,37): error CS0246: The type or namespace name 'DisabledStateTestTarget' could not be found (are you missing a using directive or an assembly reference?)

Packages\com.wallstop-studios.unity-helpers\Tests\Editor\WButton\WButtonDisabledStateTests.cs(27,53): error CS0103: The name 'DisabledStateTestTarget' does not exist in the current context

Packages\com.wallstop-studios.unity-helpers\Tests\Editor\WButton\WButtonMetadataCacheTests.cs(54,24): error CS0246: The type or namespace name 'SampleTarget' could not be found (are you missing a using directive or an assembly reference?)

Packages\com.wallstop-studios.unity-helpers\Tests\Editor\WButton\WButtonMetadataCacheTests.cs(57,41): error CS0103: The name 'SampleTarget' does not exist in the current context

Packages\com.wallstop-studios.unity-helpers\Tests\Editor\WButton\WButtonInvocationControllerTests.cs(23,13): error CS0246: The type or namespace name 'InvocationTarget' could not be found (are you missing a using directive or an assembly reference?)

Packages\com.wallstop-studios.unity-helpers\Tests\Editor\WButton\WButtonInvocationControllerTests.cs(23,62): error CS0246: The type or namespace name 'InvocationTarget' could not be found (are you missing a using directive or an assembly reference?)

Packages\com.wallstop-studios.unity-helpers\Tests\Editor\WButton\WButtonInvocationControllerTests.cs(26,37): error CS0246: The type or namespace name 'InvocationTarget' could not be found (are you missing a using directive or an assembly reference?)

Packages\com.wallstop-studios.unity-helpers\Tests\Editor\WButton\WButtonInvocationControllerTests.cs(27,53): error CS0103: The name 'InvocationTarget' does not exist in the current context

Packages\com.wallstop-studios.unity-helpers\Tests\Editor\WButton\WButtonMetadataCacheTests.cs(69,24): error CS0246: The type or namespace name 'SampleTarget' could not be found (are you missing a using directive or an assembly reference?)

Packages\com.wallstop-studios.unity-helpers\Tests\Editor\WButton\WButtonMetadataCacheTests.cs(72,41): error CS0103: The name 'SampleTarget' does not exist in the current context

Packages\com.wallstop-studios.unity-helpers\Tests\Editor\WButton\WButtonDisabledStateTests.cs(41,13): error CS0246: The type or namespace name 'DisabledStateTestTarget' could not be found (are you missing a using directive or an assembly reference?)

Packages\com.wallstop-studios.unity-helpers\Tests\Editor\WButton\WButtonDisabledStateTests.cs(41,69): error CS0246: The type or namespace name 'DisabledStateTestTarget' could not be found (are you missing a using directive or an assembly reference?)

Packages\com.wallstop-studios.unity-helpers\Tests\Editor\WButton\WButtonDisabledStateTests.cs(44,37): error CS0246: The type or namespace name 'DisabledStateTestTarget' could not be found (are you missing a using directive or an assembly reference?)

Packages\com.wallstop-studios.unity-helpers\Tests\Editor\WButton\WButtonDisabledStateTests.cs(45,53): error CS0103: The name 'DisabledStateTestTarget' does not exist in the current context

Packages\com.wallstop-studios.unity-helpers\Tests\Editor\WButton\WButtonMetadataCacheTests.cs(81,24): error CS0246: The type or namespace name 'SampleTarget' could not be found (are you missing a using directive or an assembly reference?)

Packages\com.wallstop-studios.unity-helpers\Tests\Editor\WButton\WButtonMetadataCacheTests.cs(84,41): error CS0103: The name 'SampleTarget' does not exist in the current context

Packages\com.wallstop-studios.unity-helpers\Tests\Editor\WButton\WButtonMetadataCacheTests.cs(94,24): error CS0246: The type or namespace name 'SampleTarget' could not be found (are you missing a using directive or an assembly reference?)

Packages\com.wallstop-studios.unity-helpers\Tests\Editor\WButton\WButtonMetadataCacheTests.cs(97,41): error CS0103: The name 'SampleTarget' does not exist in the current context

Packages\com.wallstop-studios.unity-helpers\Tests\Editor\WButton\WButtonInvocationControllerTests.cs(52,13): error CS0246: The type or namespace name 'InvocationTarget' could not be found (are you missing a using directive or an assembly reference?)

Packages\com.wallstop-studios.unity-helpers\Tests\Editor\WButton\WButtonInvocationControllerTests.cs(52,62): error CS0246: The type or namespace name 'InvocationTarget' could not be found (are you missing a using directive or an assembly reference?)

Packages\com.wallstop-studios.unity-helpers\Tests\Editor\WButton\WButtonInvocationControllerTests.cs(55,37): error CS0246: The type or namespace name 'InvocationTarget' could not be found (are you missing a using directive or an assembly reference?)

Packages\com.wallstop-studios.unity-helpers\Tests\Editor\WButton\WButtonInvocationControllerTests.cs(56,53): error CS0103: The name 'InvocationTarget' does not exist in the current context

Packages\com.wallstop-studios.unity-helpers\Tests\Editor\WButton\WButtonDisabledStateTests.cs(81,13): error CS0246: The type or namespace name 'DisabledStateTestTarget' could not be found (are you missing a using directive or an assembly reference?)

Packages\com.wallstop-studios.unity-helpers\Tests\Editor\WButton\WButtonDisabledStateTests.cs(81,69): error CS0246: The type or namespace name 'DisabledStateTestTarget' could not be found (are you missing a using directive or an assembly reference?)

Packages\com.wallstop-studios.unity-helpers\Tests\Editor\WButton\WButtonDisabledStateTests.cs(84,37): error CS0246: The type or namespace name 'DisabledStateTestTarget' could not be found (are you missing a using directive or an assembly reference?)

Packages\com.wallstop-studios.unity-helpers\Tests\Editor\WButton\WButtonDisabledStateTests.cs(86,45): error CS0103: The name 'DisabledStateTestTarget' does not exist in the current context

Packages\com.wallstop-studios.unity-helpers\Tests\Editor\WButton\WButtonMetadataCacheTests.cs(105,13): error CS0246: The type or namespace name 'SampleTarget' could not be found (are you missing a using directive or an assembly reference?)

Packages\com.wallstop-studios.unity-helpers\Tests\Editor\WButton\WButtonMetadataCacheTests.cs(105,72): error CS0246: The type or namespace name 'SampleTarget' could not be found (are you missing a using directive or an assembly reference?)

Packages\com.wallstop-studios.unity-helpers\Tests\Editor\WButton\WButtonMetadataCacheTests.cs(107,24): error CS0246: The type or namespace name 'SampleTarget' could not be found (are you missing a using directive or an assembly reference?)

Packages\com.wallstop-studios.unity-helpers\Tests\Editor\WButton\WButtonMetadataCacheTests.cs(110,41): error CS0103: The name 'SampleTarget' does not exist in the current context

Packages\com.wallstop-studios.unity-helpers\Tests\Editor\WButton\WButtonDisabledStateTests.cs(120,13): error CS0246: The type or namespace name 'DisabledStateTestTarget' could not be found (are you missing a using directive or an assembly reference?)

Packages\com.wallstop-studios.unity-helpers\Tests\Editor\WButton\WButtonDisabledStateTests.cs(120,69): error CS0246: The type or namespace name 'DisabledStateTestTarget' could not be found (are you missing a using directive or an assembly reference?)

Packages\com.wallstop-studios.unity-helpers\Tests\Editor\WButton\WButtonDisabledStateTests.cs(123,37): error CS0246: The type or namespace name 'DisabledStateTestTarget' could not be found (are you missing a using directive or an assembly reference?)

Packages\com.wallstop-studios.unity-helpers\Tests\Editor\WButton\WButtonDisabledStateTests.cs(124,53): error CS0103: The name 'DisabledStateTestTarget' does not exist in the current context

Packages\com.wallstop-studios.unity-helpers\Tests\Editor\WButton\WButtonInvocationControllerTests.cs(81,13): error CS0246: The type or namespace name 'InvocationTarget' could not be found (are you missing a using directive or an assembly reference?)

Packages\com.wallstop-studios.unity-helpers\Tests\Editor\WButton\WButtonInvocationControllerTests.cs(81,62): error CS0246: The type or namespace name 'InvocationTarget' could not be found (are you missing a using directive or an assembly reference?)

Packages\com.wallstop-studios.unity-helpers\Tests\Editor\WButton\WButtonInvocationControllerTests.cs(84,37): error CS0246: The type or namespace name 'InvocationTarget' could not be found (are you missing a using directive or an assembly reference?)

Packages\com.wallstop-studios.unity-helpers\Tests\Editor\WButton\WButtonInvocationControllerTests.cs(85,53): error CS0103: The name 'InvocationTarget' does not exist in the current context

Packages\com.wallstop-studios.unity-helpers\Tests\Editor\WButton\WButtonDisabledStateTests.cs(154,13): error CS0246: The type or namespace name 'DisabledStateTestTarget' could not be found (are you missing a using directive or an assembly reference?)

Packages\com.wallstop-studios.unity-helpers\Tests\Editor\WButton\WButtonDisabledStateTests.cs(154,69): error CS0246: The type or namespace name 'DisabledStateTestTarget' could not be found (are you missing a using directive or an assembly reference?)

Packages\com.wallstop-studios.unity-helpers\Tests\Editor\WButton\WButtonDisabledStateTests.cs(158,37): error CS0246: The type or namespace name 'DisabledStateTestTarget' could not be found (are you missing a using directive or an assembly reference?)

Packages\com.wallstop-studios.unity-helpers\Tests\Editor\WButton\WButtonDisabledStateTests.cs(160,45): error CS0103: The name 'DisabledStateTestTarget' does not exist in the current context

Packages\com.wallstop-studios.unity-helpers\Tests\Editor\WButton\WButtonDisabledStateTests.cs(192,13): error CS0246: The type or namespace name 'DisabledStateTestTarget' could not be found (are you missing a using directive or an assembly reference?)

Packages\com.wallstop-studios.unity-helpers\Tests\Editor\WButton\WButtonDisabledStateTests.cs(192,69): error CS0246: The type or namespace name 'DisabledStateTestTarget' could not be found (are you missing a using directive or an assembly reference?)

Packages\com.wallstop-studios.unity-helpers\Tests\Editor\WButton\WButtonDisabledStateTests.cs(195,37): error CS0246: The type or namespace name 'DisabledStateTestTarget' could not be found (are you missing a using directive or an assembly reference?)

Packages\com.wallstop-studios.unity-helpers\Tests\Editor\WButton\WButtonDisabledStateTests.cs(197,45): error CS0103: The name 'DisabledStateTestTarget' does not exist in the current context

Packages\com.wallstop-studios.unity-helpers\Tests\Editor\WButton\WButtonDisabledStateTests.cs(232,13): error CS0246: The type or namespace name 'DisabledStateTestTarget' could not be found (are you missing a using directive or an assembly reference?)

Packages\com.wallstop-studios.unity-helpers\Tests\Editor\WButton\WButtonDisabledStateTests.cs(232,69): error CS0246: The type or namespace name 'DisabledStateTestTarget' could not be found (are you missing a using directive or an assembly reference?)

Packages\com.wallstop-studios.unity-helpers\Tests\Editor\WButton\WButtonDisabledStateTests.cs(235,37): error CS0246: The type or namespace name 'DisabledStateTestTarget' could not be found (are you missing a using directive or an assembly reference?)

Packages\com.wallstop-studios.unity-helpers\Tests\Editor\WButton\WButtonDisabledStateTests.cs(237,45): error CS0103: The name 'DisabledStateTestTarget' does not exist in the current context

Packages\com.wallstop-studios.unity-helpers\Tests\Editor\WButton\WButtonDisabledStateTests.cs(273,13): error CS0246: The type or namespace name 'DisabledStateTestTarget' could not be found (are you missing a using directive or an assembly reference?)

Packages\com.wallstop-studios.unity-helpers\Tests\Editor\WButton\WButtonDisabledStateTests.cs(273,70): error CS0246: The type or namespace name 'DisabledStateTestTarget' could not be found (are you missing a using directive or an assembly reference?)

Packages\com.wallstop-studios.unity-helpers\Tests\Editor\WButton\WButtonDisabledStateTests.cs(274,13): error CS0246: The type or namespace name 'DisabledStateTestTarget' could not be found (are you missing a using directive or an assembly reference?)

Packages\com.wallstop-studios.unity-helpers\Tests\Editor\WButton\WButtonDisabledStateTests.cs(274,70): error CS0246: The type or namespace name 'DisabledStateTestTarget' could not be found (are you missing a using directive or an assembly reference?)

Packages\com.wallstop-studios.unity-helpers\Tests\Editor\WButton\WButtonDisabledStateTests.cs(277,37): error CS0246: The type or namespace name 'DisabledStateTestTarget' could not be found (are you missing a using directive or an assembly reference?)

Packages\com.wallstop-studios.unity-helpers\Tests\Editor\WButton\WButtonDisabledStateTests.cs(278,53): error CS0103: The name 'DisabledStateTestTarget' does not exist in the current context

Packages\com.wallstop-studios.unity-helpers\Tests\Editor\WButton\WButtonDisabledStateTests.cs(330,13): error CS0246: The type or namespace name 'DisabledStateTestTarget' could not be found (are you missing a using directive or an assembly reference?)

Packages\com.wallstop-studios.unity-helpers\Tests\Editor\WButton\WButtonDisabledStateTests.cs(330,69): error CS0246: The type or namespace name 'DisabledStateTestTarget' could not be found (are you missing a using directive or an assembly reference?)

Packages\com.wallstop-studios.unity-helpers\Tests\Editor\WButton\WButtonDisabledStateTests.cs(333,37): error CS0246: The type or namespace name 'DisabledStateTestTarget' could not be found (are you missing a using directive or an assembly reference?)

Packages\com.wallstop-studios.unity-helpers\Tests\Editor\WButton\WButtonDisabledStateTests.cs(334,53): error CS0103: The name 'DisabledStateTestTarget' does not exist in the current context

Packages\com.wallstop-studios.unity-helpers\Tests\Editor\WButton\WButtonDisabledStateTests.cs(368,13): error CS0246: The type or namespace name 'DisabledStateTestTarget' could not be found (are you missing a using directive or an assembly reference?)

Packages\com.wallstop-studios.unity-helpers\Tests\Editor\WButton\WButtonDisabledStateTests.cs(368,69): error CS0246: The type or namespace name 'DisabledStateTestTarget' could not be found (are you missing a using directive or an assembly reference?)

Packages\com.wallstop-studios.unity-helpers\Tests\Editor\WButton\WButtonDisabledStateTests.cs(371,37): error CS0246: The type or namespace name 'DisabledStateTestTarget' could not be found (are you missing a using directive or an assembly reference?)

Packages\com.wallstop-studios.unity-helpers\Tests\Editor\WButton\WButtonDisabledStateTests.cs(372,53): error CS0103: The name 'DisabledStateTestTarget' does not exist in the current context

Packages\com.wallstop-studios.unity-helpers\Tests\Editor\WButton\WButtonDisabledStateTests.cs(405,13): error CS0246: The type or namespace name 'DisabledStateTestTarget' could not be found (are you missing a using directive or an assembly reference?)

Packages\com.wallstop-studios.unity-helpers\Tests\Editor\WButton\WButtonDisabledStateTests.cs(405,69): error CS0246: The type or namespace name 'DisabledStateTestTarget' could not be found (are you missing a using directive or an assembly reference?)

Packages\com.wallstop-studios.unity-helpers\Tests\Editor\WButton\WButtonDisabledStateTests.cs(408,37): error CS0246: The type or namespace name 'DisabledStateTestTarget' could not be found (are you missing a using directive or an assembly reference?)

Packages\com.wallstop-studios.unity-helpers\Tests\Editor\WButton\WButtonDisabledStateTests.cs(409,53): error CS0103: The name 'DisabledStateTestTarget' does not exist in the current context

Packages\com.wallstop-studios.unity-helpers\Tests\Editor\WButton\WButtonDisabledStateTests.cs(445,13): error CS0246: The type or namespace name 'DisabledStateTestTarget' could not be found (are you missing a using directive or an assembly reference?)

Packages\com.wallstop-studios.unity-helpers\Tests\Editor\WButton\WButtonDisabledStateTests.cs(445,69): error CS0246: The type or namespace name 'DisabledStateTestTarget' could not be found (are you missing a using directive or an assembly reference?)

Packages\com.wallstop-studios.unity-helpers\Tests\Editor\WButton\WButtonDisabledStateTests.cs(448,37): error CS0246: The type or namespace name 'DisabledStateTestTarget' could not be found (are you missing a using directive or an assembly reference?)

Packages\com.wallstop-studios.unity-helpers\Tests\Editor\WButton\WButtonDisabledStateTests.cs(449,53): error CS0103: The name 'DisabledStateTestTarget' does not exist in the current context

Packages\com.wallstop-studios.unity-helpers\Tests\Editor\WButton\WButtonDisabledStateTests.cs(477,13): error CS0246: The type or namespace name 'DisabledStateTestTarget' could not be found (are you missing a using directive or an assembly reference?)

Packages\com.wallstop-studios.unity-helpers\Tests\Editor\WButton\WButtonDisabledStateTests.cs(477,69): error CS0246: The type or namespace name 'DisabledStateTestTarget' could not be found (are you missing a using directive or an assembly reference?)

Packages\com.wallstop-studios.unity-helpers\Tests\Editor\WButton\WButtonDisabledStateTests.cs(480,37): error CS0246: The type or namespace name 'DisabledStateTestTarget' could not be found (are you missing a using directive or an assembly reference?)

Packages\com.wallstop-studios.unity-helpers\Tests\Editor\WButton\WButtonDisabledStateTests.cs(482,45): error CS0103: The name 'DisabledStateTestTarget' does not exist in the current context

Packages\com.wallstop-studios.unity-helpers\Tests\Editor\WButton\WButtonDisabledStateTests.cs(519,13): error CS0246: The type or namespace name 'DisabledStateTestTarget' could not be found (are you missing a using directive or an assembly reference?)

Packages\com.wallstop-studios.unity-helpers\Tests\Editor\WButton\WButtonDisabledStateTests.cs(519,69): error CS0246: The type or namespace name 'DisabledStateTestTarget' could not be found (are you missing a using directive or an assembly reference?)

Packages\com.wallstop-studios.unity-helpers\Tests\Editor\WButton\WButtonDisabledStateTests.cs(522,37): error CS0246: The type or namespace name 'DisabledStateTestTarget' could not be found (are you missing a using directive or an assembly reference?)

Packages\com.wallstop-studios.unity-helpers\Tests\Editor\WButton\WButtonDisabledStateTests.cs(524,45): error CS0103: The name 'DisabledStateTestTarget' does not exist in the current context

Packages\com.wallstop-studios.unity-helpers\Tests\Editor\WButton\WButtonDisabledStateTests.cs(552,13): error CS0246: The type or namespace name 'DisabledStateTestTarget' could not be found (are you missing a using directive or an assembly reference?)

Packages\com.wallstop-studios.unity-helpers\Tests\Editor\WButton\WButtonDisabledStateTests.cs(552,69): error CS0246: The type or namespace name 'DisabledStateTestTarget' could not be found (are you missing a using directive or an assembly reference?)

Packages\com.wallstop-studios.unity-helpers\Tests\Editor\WButton\WButtonDisabledStateTests.cs(555,37): error CS0246: The type or namespace name 'DisabledStateTestTarget' could not be found (are you missing a using directive or an assembly reference?)

Packages\com.wallstop-studios.unity-helpers\Tests\Editor\WButton\WButtonDisabledStateTests.cs(556,53): error CS0103: The name 'DisabledStateTestTarget' does not exist in the current context

Packages\com.wallstop-studios.unity-helpers\Tests\Editor\WButton\WButtonDisabledStateTests.cs(601,13): error CS0246: The type or namespace name 'DisabledStateTestTarget' could not be found (are you missing a using directive or an assembly reference?)

Packages\com.wallstop-studios.unity-helpers\Tests\Editor\WButton\WButtonDisabledStateTests.cs(601,69): error CS0246: The type or namespace name 'DisabledStateTestTarget' could not be found (are you missing a using directive or an assembly reference?)

Packages\com.wallstop-studios.unity-helpers\Tests\Editor\WButton\WButtonDisabledStateTests.cs(605,37): error CS0246: The type or namespace name 'DisabledStateTestTarget' could not be found (are you missing a using directive or an assembly reference?)

Packages\com.wallstop-studios.unity-helpers\Tests\Editor\WButton\WButtonDisabledStateTests.cs(607,45): error CS0103: The name 'DisabledStateTestTarget' does not exist in the current context

Packages\com.wallstop-studios.unity-helpers\Tests\Runtime\Attributes\RelationalComponentInitializerTests.cs(24,38): error CS0246: The type or namespace name 'PrewarmTesterComponent' could not be found (are you missing a using directive or an assembly reference?)

Packages\com.wallstop-studios.unity-helpers\Tests\Runtime\Attributes\RelationalComponentInitializerTests.cs(25,64): error CS0103: The name 'PrewarmTesterComponent' does not exist in the current context

Packages\com.wallstop-studios.unity-helpers\Tests\Runtime\Attributes\RelationalComponentInitializerTests.cs(27,24): error CS0103: The name 'PrewarmTesterComponent' does not exist in the current context

Packages\com.wallstop-studios.unity-helpers\Tests\Runtime\Attributes\RelationalComponentInitializerTests.cs(30,24): error CS0103: The name 'PrewarmTesterComponent' does not exist in the current context

Packages\com.wallstop-studios.unity-helpers\Tests\Runtime\Helper\ReflectionHelpersMemberLookupTests.cs(156,62): error CS0246: The type or namespace name 'PrewarmTesterComponent' could not be found (are you missing a using directive or an assembly reference?)

Packages\com.wallstop-studios.unity-helpers\Tests\Runtime\DataStructures\SerializableHashSetTests.cs(161,33): error CS0246: The type or namespace name 'DummyAsset' could not be found (are you missing a using directive or an assembly reference?)

Packages\com.wallstop-studios.unity-helpers\Tests\Runtime\DataStructures\SerializableHashSetTests.cs(162,13): error CS0246: The type or namespace name 'DummyAsset' could not be found (are you missing a using directive or an assembly reference?)

Packages\com.wallstop-studios.unity-helpers\Tests\Runtime\DataStructures\SerializableHashSetTests.cs(162,70): error CS0246: The type or namespace name 'DummyAsset' could not be found (are you missing a using directive or an assembly reference?)

Packages\com.wallstop-studios.unity-helpers\Tests\Runtime\DataStructures\SerializableHashSetTests.cs(163,13): error CS0246: The type or namespace name 'DummyAsset' could not be found (are you missing a using directive or an assembly reference?)

Packages\com.wallstop-studios.unity-helpers\Tests\Runtime\DataStructures\SerializableHashSetTests.cs(167,43): error CS0246: The type or namespace name 'DummyAsset' could not be found (are you missing a using directive or an assembly reference?)

Packages\com.wallstop-studios.unity-helpers\Tests\Runtime\DataStructures\SerializableHashSetTests.cs(183,33): error CS0246: The type or namespace name 'DummyAsset' could not be found (are you missing a using directive or an assembly reference?)

Packages\com.wallstop-studios.unity-helpers\Tests\Runtime\DataStructures\SerializableHashSetTests.cs(184,13): error CS0246: The type or namespace name 'DummyAsset' could not be found (are you missing a using directive or an assembly reference?)

Packages\com.wallstop-studios.unity-helpers\Tests\Runtime\DataStructures\SerializableDictionaryTests.cs(432,36): error CS0246: The type or namespace name 'DummyAsset' could not be found (are you missing a using directive or an assembly reference?)

Packages\com.wallstop-studios.unity-helpers\Tests\Runtime\DataStructures\SerializableDictionaryTests.cs(434,13): error CS0246: The type or namespace name 'DummyAsset' could not be found (are you missing a using directive or an assembly reference?)

Packages\com.wallstop-studios.unity-helpers\Tests\Runtime\DataStructures\SerializableDictionaryTests.cs(434,64): error CS0246: The type or namespace name 'DummyAsset' could not be found (are you missing a using directive or an assembly reference?)

Packages\com.wallstop-studios.unity-helpers\Tests\Runtime\DataStructures\SerializableDictionaryTests.cs(435,13): error CS0246: The type or namespace name 'DummyAsset' could not be found (are you missing a using directive or an assembly reference?)

Packages\com.wallstop-studios.unity-helpers\Tests\Runtime\DataStructures\SerializableDictionaryTests.cs(441,50): error CS0246: The type or namespace name 'DummyAsset' could not be found (are you missing a using directive or an assembly reference?)

Packages\com.wallstop-studios.unity-helpers\Tests\Runtime\Helper\ReflectionHelpersTypeScanningTests.cs(29,53): error CS0246: The type or namespace name 'PrewarmTesterComponent' could not be found (are you missing a using directive or an assembly reference?)

Packages\com.wallstop-studios.unity-helpers\Tests\Runtime\Helper\ReflectionHelpersTypeScanningTests.cs(36,33): error CS0246: The type or namespace name 'PrewarmTesterComponent' could not be found (are you missing a using directive or an assembly reference?)

Packages\com.wallstop-studios.unity-helpers\Tests\Runtime\Helper\ReflectionHelpersTypeScanningTests.cs(39,36): error CS0246: The type or namespace name 'PrewarmTesterComponent' could not be found (are you missing a using directive or an assembly reference?)

Packages\com.wallstop-studios.unity-helpers\Tests\Runtime\Helper\ReflectionHelpersTypeScanningTests.cs(45,38): error CS0246: The type or namespace name 'PrewarmTesterComponent' could not be found (are you missing a using directive or an assembly reference?)

Packages\com.wallstop-studios.unity-helpers\Tests\Runtime\Helper\ReflectionHelpersTypeScanningTests.cs(48,36): error CS0246: The type or namespace name 'PrewarmTesterComponent' could not be found (are you missing a using directive or an assembly reference?)

Packages\com.wallstop-studios.unity-helpers\Tests\Runtime\Helper\SingletonAutoLoaderTests.cs(20,13): error CS0103: The name 'AutoScriptableSingleton' does not exist in the current context

Packages\com.wallstop-studios.unity-helpers\Tests\Runtime\Helper\SingletonAutoLoaderTests.cs(21,13): error CS0103: The name 'RuntimeMismatchSingleton' does not exist in the current context

Packages\com.wallstop-studios.unity-helpers\Tests\Runtime\Helper\SingletonAutoLoaderTests.cs(22,13): error CS0103: The name 'ScriptableMismatchSingleton' does not exist in the current context

Packages\com.wallstop-studios.unity-helpers\Tests\Runtime\Helper\SingletonAutoLoaderTests.cs(74,13): error CS0246: The type or namespace name 'AutoScriptableSingleton' could not be found (are you missing a using directive or an assembly reference?)

Packages\com.wallstop-studios.unity-helpers\Tests\Runtime\Helper\SingletonAutoLoaderTests.cs(75,49): error CS0246: The type or namespace name 'AutoScriptableSingleton' could not be found (are you missing a using directive or an assembly reference?)

Packages\com.wallstop-studios.unity-helpers\Tests\Runtime\Helper\SingletonAutoLoaderTests.cs(76,36): error CS0103: The name 'AutoScriptableSingleton' does not exist in the current context

Packages\com.wallstop-studios.unity-helpers\Tests\Runtime\Helper\SingletonAutoLoaderTests.cs(83,39): error CS0246: The type or namespace name 'AutoScriptableSingleton' could not be found (are you missing a using directive or an assembly reference?)

Packages\com.wallstop-studios.unity-helpers\Tests\Runtime\Helper\SingletonAutoLoaderTests.cs(88,27): error CS0103: The name 'AutoScriptableSingleton' does not exist in the current context

Packages\com.wallstop-studios.unity-helpers\Tests\Runtime\Helper\SingletonAutoLoaderTests.cs(89,35): error CS0103: The name 'AutoScriptableSingleton' does not exist in the current context

Packages\com.wallstop-studios.unity-helpers\Tests\Runtime\Helper\SingletonAutoLoaderTests.cs(113,39): error CS0246: The type or namespace name 'AutoScriptableSingleton' could not be found (are you missing a using directive or an assembly reference?)

Packages\com.wallstop-studios.unity-helpers\Tests\Runtime\Helper\SingletonAutoLoaderTests.cs(118,28): error CS0103: The name 'AutoScriptableSingleton' does not exist in the current context

Packages\com.wallstop-studios.unity-helpers\Tests\Runtime\Helper\SingletonAutoLoaderTests.cs(119,32): error CS0103: The name 'AutoScriptableSingleton' does not exist in the current context

Packages\com.wallstop-studios.unity-helpers\Tests\Runtime\Helper\SingletonAutoLoaderTests.cs(154,36): error CS0246: The type or namespace name 'ScriptableMismatchSingleton' could not be found (are you missing a using directive or an assembly reference?)

Packages\com.wallstop-studios.unity-helpers\Tests\Runtime\Helper\SingletonAutoLoaderTests.cs(159,32): error CS0103: The name 'ScriptableMismatchSingleton' does not exist in the current context

Packages\com.wallstop-studios.unity-helpers\Tests\Runtime\Helper\SingletonAutoLoaderTests.cs(160,28): error CS0103: The name 'ScriptableMismatchSingleton' does not exist in the current context

Packages\com.wallstop-studios.unity-helpers\Tests\Runtime\Helper\SingletonAutoLoaderTests.cs(174,39): error CS0246: The type or namespace name 'RuntimeMismatchSingleton' could not be found (are you missing a using directive or an assembly reference?)

Packages\com.wallstop-studios.unity-helpers\Tests\Runtime\Helper\SingletonAutoLoaderTests.cs(179,32): error CS0103: The name 'RuntimeMismatchSingleton' does not exist in the current context

Packages\com.wallstop-studios.unity-helpers\Tests\Runtime\Helper\SingletonAutoLoaderTests.cs(180,28): error CS0103: The name 'RuntimeMismatchSingleton' does not exist in the current context

Packages\com.wallstop-studios.unity-helpers\Tests\Runtime\Helper\SingletonAutoLoaderTests.cs(249,13): error CS0103: The name 'RuntimeMismatchSingleton' does not exist in the current context

Packages\com.wallstop-studios.unity-helpers\Tests\Runtime\Helper\SingletonAutoLoaderTests.cs(260,36): error CS0246: The type or namespace name 'RuntimeMismatchSingleton' could not be found (are you missing a using directive or an assembly reference?)

Packages\com.wallstop-studios.unity-helpers\Tests\Runtime\Helper\SingletonAutoLoaderTests.cs(266,32): error CS0103: The name 'RuntimeMismatchSingleton' does not exist in the current context

